<?xml version="1.0" encoding="UTF-8"?>
<!-- Generated by org.testng.reporters.JUnitXMLReporter -->
<testsuite ignored="0" hostname="DESKTOP-R2UNG2A" failures="0" tests="2" name="Test1" time="67.305" errors="0" timestamp="2022-12-21T22:34:24 IST">
  <testcase classname="NeostoxTestClassValidateUserIdandBalance.ValidateUserIDAndAccBalance" name="@BeforeMethod logintoNeostox" time="16.93">
    <failure type="org.openqa.selenium.NoSuchWindowException" message="no such window: target window already closed
from unknown error: web view not found
  (Session info: chrome=108.0.5359.125)
Build info: version: &amp;apos;4.6.0&amp;apos;, revision: &amp;apos;79f1c02ae20&amp;apos;
System info: os.name: &amp;apos;Windows 10&amp;apos;, os.arch: &amp;apos;amd64&amp;apos;, os.version: &amp;apos;10.0&amp;apos;, java.version: &amp;apos;11.0.15&amp;apos;
Driver info: org.openqa.selenium.chrome.ChromeDriver
Command: [14120d865a8a612905660edd4a2c527e, findElement {using=xpath, value=(//input[@type=&amp;apos;number&amp;apos;])[1]}]
Capabilities {acceptInsecureCerts: false, browserName: chrome, browserVersion: 108.0.5359.125, chrome: {chromedriverVersion: 107.0.5304.62 (1eec40d3a576..., userDataDir: C:\Users\User\AppData\Local...}, goog:chromeOptions: {debuggerAddress: localhost:65372}, networkConnectionEnabled: false, pageLoadStrategy: normal, platformName: WINDOWS, proxy: Proxy(), se:cdp: ws://localhost:65372/devtoo..., se:cdpVersion: 108.0.5359.125, setWindowRect: true, strictFileInteractability: false, timeouts: {implicit: 0, pageLoad: 300000, script: 30000}, unhandledPromptBehavior: dismiss and notify, webauthn:extension:credBlob: true, webauthn:extension:largeBlob: true, webauthn:virtualAuthenticators: true}
Session ID: 14120d865a8a612905660edd4a2c527e">
      <![CDATA[org.openqa.selenium.NoSuchWindowException: no such window: target window already closed
from unknown error: web view not found
  (Session info: chrome=108.0.5359.125)
Build info: version: '4.6.0', revision: '79f1c02ae20'
System info: os.name: 'Windows 10', os.arch: 'amd64', os.version: '10.0', java.version: '11.0.15'
Driver info: org.openqa.selenium.chrome.ChromeDriver
Command: [14120d865a8a612905660edd4a2c527e, findElement {using=xpath, value=(//input[@type='number'])[1]}]
Capabilities {acceptInsecureCerts: false, browserName: chrome, browserVersion: 108.0.5359.125, chrome: {chromedriverVersion: 107.0.5304.62 (1eec40d3a576..., userDataDir: C:\Users\User\AppData\Local...}, goog:chromeOptions: {debuggerAddress: localhost:65372}, networkConnectionEnabled: false, pageLoadStrategy: normal, platformName: WINDOWS, proxy: Proxy(), se:cdp: ws://localhost:65372/devtoo..., se:cdpVersion: 108.0.5359.125, setWindowRect: true, strictFileInteractability: false, timeouts: {implicit: 0, pageLoad: 300000, script: 30000}, unhandledPromptBehavior: dismiss and notify, webauthn:extension:credBlob: true, webauthn:extension:largeBlob: true, webauthn:virtualAuthenticators: true}
Session ID: 14120d865a8a612905660edd4a2c527e
at org.openqa.selenium.remote.codec.w3c.W3CHttpResponseCodec.createException(W3CHttpResponseCodec.java:200)
at org.openqa.selenium.remote.codec.w3c.W3CHttpResponseCodec.decode(W3CHttpResponseCodec.java:133)
at org.openqa.selenium.remote.codec.w3c.W3CHttpResponseCodec.decode(W3CHttpResponseCodec.java:53)
at org.openqa.selenium.remote.HttpCommandExecutor.execute(HttpCommandExecutor.java:184)
at org.openqa.selenium.remote.service.DriverCommandExecutor.invokeExecute(DriverCommandExecutor.java:167)
at org.openqa.selenium.remote.service.DriverCommandExecutor.execute(DriverCommandExecutor.java:142)
at org.openqa.selenium.remote.RemoteWebDriver.execute(RemoteWebDriver.java:541)
at org.openqa.selenium.remote.ElementLocation$ElementFinder$2.findElement(ElementLocation.java:162)
at org.openqa.selenium.remote.ElementLocation.findElement(ElementLocation.java:60)
at org.openqa.selenium.remote.RemoteWebDriver.findElement(RemoteWebDriver.java:365)
at org.openqa.selenium.remote.RemoteWebDriver.findElement(RemoteWebDriver.java:357)
at org.openqa.selenium.support.pagefactory.DefaultElementLocator.findElement(DefaultElementLocator.java:70)
at org.openqa.selenium.support.pagefactory.internal.LocatingElementHandler.invoke(LocatingElementHandler.java:39)
at com.sun.proxy.$Proxy18.sendKeys(Unknown Source)
at Neostoxpomclasses1.NeostoxLoginPage.sendmobileno(NeostoxLoginPage.java:33)
at NeostoxTestClassValidateUserIdandBalance.ValidateUserIDAndAccBalance.logintoNeostox(ValidateUserIDAndAccBalance.java:36)
at java.base/java.util.ArrayList.forEach(ArrayList.java:1541)
... Removed 35 stack frames]]>
    </failure>
  </testcase> <!-- @BeforeMethod logintoNeostox -->
  <testcase classname="NeostoxTestClassValidateUserIdandBalance.ValidateUserIDAndAccBalance" name="@AfterMethod logOutFromNeostox" time="-1.671642263996E9">
    <skipped/>
  </testcase> <!-- @AfterMethod logOutFromNeostox -->
  <testcase classname="NeostoxTestClassValidateUserIdandBalance.ValidateUserIDAndAccBalance" name="@BeforeMethod logintoNeostox" time="-1.671642264011E9">
    <skipped/>
  </testcase> <!-- @BeforeMethod logintoNeostox -->
  <testcase classname="NeostoxTestClassValidateUserIdandBalance.ValidateUserIDAndAccBalance" name="@AfterMethod logOutFromNeostox" time="-1.671642264024E9">
    <skipped/>
  </testcase> <!-- @AfterMethod logOutFromNeostox -->
  <testcase classname="NeostoxTestClassValidateUserIdandBalance.ValidateUserIDAndAccBalance" name="@AfterClass closebrowser" time="-1.671642264027E9">
    <skipped/>
  </testcase> <!-- @AfterClass closebrowser -->
  <testcase classname="NeostoxTestClassValidateUserIdandBalance.ValidateUserIDAndAccBalance" name="ValidateUserID" time="0.0">
    <skipped/>
  </testcase> <!-- ValidateUserID -->
  <testcase classname="NeostoxTestClassValidateUserIdandBalance.ValidateUserIDAndAccBalance" name="ValidateAccBalance" time="0.0">
    <skipped/>
  </testcase> <!-- ValidateAccBalance -->
</testsuite> <!-- Test1 -->
